<?xml version="1.0" encoding="UTF-8"?>
<!-- Generated by org.testng.reporters.JUnitXMLReporter -->
<testsuite ignored="0" hostname="DESKTOP-JD1B6NT" failures="0" tests="4" name="Default test" time="8.092" errors="0" timestamp="23 Apr 2021 12:59:31 GMT">
  <testcase classname="PIM" name="login" time="3.248"/>
  <testcase classname="PIM" name="pim" time="3.756"/>
  <testcase classname="PIM" name="search" time="0.64"/>
  <testcase classname="PIM" name="validate" time="0.43"/>
</testsuite> <!-- Default test -->
