<?xml version="1.0" encoding="UTF-8"?>
<testng-results ignored="0" total="4" passed="4" failed="0" skipped="0">
  <reporter-output>
  </reporter-output>
  <suite started-at="2021-04-23T12:59:23Z" name="Default suite" finished-at="2021-04-23T12:59:31Z" duration-ms="8092">
    <groups>
    </groups>
    <test started-at="2021-04-23T12:59:23Z" name="Default test" finished-at="2021-04-23T12:59:31Z" duration-ms="8092">
      <class name="PIM">
        <test-method is-config="true" signature="beforeSuite()[pri:0, instance:PIM@61eaec38]" started-at="2021-04-23T12:59:16Z" name="beforeSuite" finished-at="2021-04-23T12:59:23Z" duration-ms="7261" status="PASS">
          <reporter-output>
          </reporter-output>
        </test-method> <!-- beforeSuite -->
        <test-method is-config="true" signature="beforeTest()[pri:0, instance:PIM@61eaec38]" started-at="2021-04-23T12:59:23Z" name="beforeTest" finished-at="2021-04-23T12:59:23Z" duration-ms="1" status="PASS">
          <reporter-output>
          </reporter-output>
        </test-method> <!-- beforeTest -->
        <test-method is-config="true" signature="beforeClass()[pri:0, instance:PIM@61eaec38]" started-at="2021-04-23T12:59:23Z" name="beforeClass" finished-at="2021-04-23T12:59:23Z" duration-ms="0" status="PASS">
          <reporter-output>
          </reporter-output>
        </test-method> <!-- beforeClass -->
        <test-method signature="login()[pri:0, instance:PIM@61eaec38]" started-at="2021-04-23T12:59:23Z" name="login" finished-at="2021-04-23T12:59:26Z" duration-ms="3248" status="PASS">
          <reporter-output>
          </reporter-output>
        </test-method> <!-- login -->
        <test-method is-config="true" signature="beforeMethod()[pri:0, instance:PIM@61eaec38]" started-at="2021-04-23T12:59:23Z" name="beforeMethod" finished-at="2021-04-23T12:59:23Z" duration-ms="0" status="PASS">
          <reporter-output>
          </reporter-output>
        </test-method> <!-- beforeMethod -->
        <test-method is-config="true" signature="afterMethod()[pri:0, instance:PIM@61eaec38]" started-at="2021-04-23T12:59:26Z" name="afterMethod" finished-at="2021-04-23T12:59:26Z" duration-ms="0" status="PASS">
          <reporter-output>
          </reporter-output>
        </test-method> <!-- afterMethod -->
        <test-method is-config="true" signature="beforeMethod()[pri:0, instance:PIM@61eaec38]" started-at="2021-04-23T12:59:26Z" name="beforeMethod" finished-at="2021-04-23T12:59:26Z" duration-ms="0" status="PASS">
          <reporter-output>
          </reporter-output>
        </test-method> <!-- beforeMethod -->
        <test-method signature="pim()[pri:1, instance:PIM@61eaec38]" started-at="2021-04-23T12:59:26Z" name="pim" finished-at="2021-04-23T12:59:30Z" duration-ms="3756" status="PASS">
          <reporter-output>
          </reporter-output>
        </test-method> <!-- pim -->
        <test-method is-config="true" signature="beforeMethod()[pri:0, instance:PIM@61eaec38]" started-at="2021-04-23T12:59:30Z" name="beforeMethod" finished-at="2021-04-23T12:59:30Z" duration-ms="1" status="PASS">
          <reporter-output>
          </reporter-output>
        </test-method> <!-- beforeMethod -->
        <test-method is-config="true" signature="afterMethod()[pri:0, instance:PIM@61eaec38]" started-at="2021-04-23T12:59:30Z" name="afterMethod" finished-at="2021-04-23T12:59:30Z" duration-ms="0" status="PASS">
          <reporter-output>
          </reporter-output>
        </test-method> <!-- afterMethod -->
        <test-method signature="search()[pri:2, instance:PIM@61eaec38]" started-at="2021-04-23T12:59:30Z" name="search" finished-at="2021-04-23T12:59:30Z" duration-ms="640" status="PASS">
          <reporter-output>
          </reporter-output>
        </test-method> <!-- search -->
        <test-method is-config="true" signature="afterMethod()[pri:0, instance:PIM@61eaec38]" started-at="2021-04-23T12:59:30Z" name="afterMethod" finished-at="2021-04-23T12:59:30Z" duration-ms="0" status="PASS">
          <reporter-output>
          </reporter-output>
        </test-method> <!-- afterMethod -->
        <test-method is-config="true" signature="beforeMethod()[pri:0, instance:PIM@61eaec38]" started-at="2021-04-23T12:59:30Z" name="beforeMethod" finished-at="2021-04-23T12:59:30Z" duration-ms="0" status="PASS">
          <reporter-output>
          </reporter-output>
        </test-method> <!-- beforeMethod -->
        <test-method signature="validate()[pri:3, instance:PIM@61eaec38]" started-at="2021-04-23T12:59:30Z" name="validate" finished-at="2021-04-23T12:59:31Z" depends-on-methods="PIM.search" duration-ms="430" status="PASS">
          <reporter-output>
          </reporter-output>
        </test-method> <!-- validate -->
        <test-method is-config="true" signature="afterClass()[pri:0, instance:PIM@61eaec38]" started-at="2021-04-23T12:59:31Z" name="afterClass" finished-at="2021-04-23T12:59:31Z" duration-ms="0" status="PASS">
          <reporter-output>
          </reporter-output>
        </test-method> <!-- afterClass -->
        <test-method is-config="true" signature="afterTest()[pri:0, instance:PIM@61eaec38]" started-at="2021-04-23T12:59:31Z" name="afterTest" finished-at="2021-04-23T12:59:31Z" duration-ms="0" status="PASS">
          <reporter-output>
          </reporter-output>
        </test-method> <!-- afterTest -->
        <test-method is-config="true" signature="afterMethod()[pri:0, instance:PIM@61eaec38]" started-at="2021-04-23T12:59:31Z" name="afterMethod" finished-at="2021-04-23T12:59:31Z" duration-ms="0" status="PASS">
          <reporter-output>
          </reporter-output>
        </test-method> <!-- afterMethod -->
        <test-method is-config="true" signature="afterSuite()[pri:0, instance:PIM@61eaec38]" started-at="2021-04-23T12:59:31Z" name="afterSuite" finished-at="2021-04-23T12:59:32Z" duration-ms="612" status="PASS">
          <reporter-output>
          </reporter-output>
        </test-method> <!-- afterSuite -->
      </class> <!-- PIM -->
    </test> <!-- Default test -->
  </suite> <!-- Default suite -->
</testng-results>
